[2026-01-14 14:10:10.078033] System Started
[2026-01-14 14:10:11.182981] System Started
[2026-01-14 14:10:16] ⏰ 定时任务触发: 开始每日采集与清理...
[2026-01-14 14:10:16]    [跳过] 2026年01月14日 数据已存在。
[2026-01-14 14:10:16]    [计划] 2026年01月15日 加入采集队列。
[2026-01-14 14:10:16]    [计划] 2026年01月16日 加入采集队列。
[2026-01-14 14:10:16]    [启动] 已启动后台采集线程，目标: 2 天
[2026-01-14 14:10:16]    [清理] 正在清理 2026-01-13 之前的数据...
[2026-01-14 14:10:16]    [清理完成] 共删除了 0 个过期文件。
[2026-01-14 14:10:29]    [报告] 后台采集任务完成。新增 2 个文件。
[2026-01-16 16:57:10.398202] System Started
[2026-01-16 16:57:11.620471] System Started
[2026-01-20 09:48:28.925366] System Started
[2026-01-20 09:48:30.020961] System Started
[2026-01-20 09:55:37.877013] System Started
[2026-01-20 09:56:05.252598] System Started
[2026-01-20 09:57:20.975777] System Started
[2026-01-20 09:59:45.095101] System Started
[2026-01-20 09:59:46.204058] System Started
[2026-01-20 10:05:58.448704] System Started
[2026-01-20 10:07:25.318503] System Started
[2026-01-20 10:07:26.413693] System Started
[2026-01-20 10:12:46.912780] System Started
[2026-01-20 10:14:02.610963] System Started
[2026-01-20 10:14:05.294860] System Started
[2026-01-20 10:14:06.346228] System Started
[2026-01-20 10:26:49.061385] System Started
[2026-01-20 10:26:50.012635] System Started
[2026-01-20 10:26:53.205200] System Started
[2026-01-20 10:26:53.263706] System Started
[2026-01-20 10:32:30.363278] System Started
[2026-01-20 10:32:30.979155] System Started
[2026-01-20 10:33:02.923435] System Started
[2026-01-20 10:33:03.532138] System Started
[2026-01-20 10:34:19.456961] System Started
[2026-01-20 10:34:20.519048] System Started
[2026-01-20 10:42:47.356607] System Started
[2026-01-20 10:42:48.538675] System Started
[2026-01-20 10:42:49.549983] System Started
[2026-01-21 10:49:01.075719] System Started
[2026-01-21 10:49:02.168126] System Started
[2026-01-21 10:53:33.747186] System Started
[2026-01-21 10:53:34.830713] System Started
[2026-01-21 13:11:29.914271] System Started
[2026-01-21 13:11:33.669606] System Started
[2026-01-21 13:11:34.724882] System Started
[2026-01-22 02:00:00] ⏰ 定时任务触发: 开始每日采集与清理...
[2026-01-22 02:00:00] ⏰ 定时任务触发: 开始每日采集与清理...
[2026-01-22 02:00:00] ⏰ 定时任务触发: 开始每日采集与清理...
[2026-01-22 02:00:00]    [计划] 2026年01月22日 加入采集队列。
[2026-01-22 02:00:00]    [计划] 2026年01月23日 加入采集队列。
[2026-01-22 02:00:00]    [计划] 2026年01月22日 加入采集队列。
[2026-01-22 02:00:00]    [计划] 2026年01月24日 加入采集队列。
[2026-01-22 02:00:00]    [计划] 2026年01月23日 加入采集队列。
[2026-01-22 02:00:00]    [启动] 已启动后台采集线程，目标: 3 天
[2026-01-22 02:00:00]    [启动] 已启动后台采集线程，目标: 3 天
[2026-01-22 02:00:00]    [启动] 已启动后台采集线程，目标: 3 天
[2026-01-22 02:00:00]    [清理] 正在清理 2026-01-21 之前的数据...
[2026-01-22 02:00:00]    [清理] 正在清理 2026-01-21 之前的数据...
[2026-01-22 02:00:00]    [启动] 已启动后台采集线程，目标: 3 天
[2026-01-22 02:00:00]    [清理] 正在清理 2026-01-21 之前的数据...
[2026-01-22 02:00:00]    [清理] 正在清理 2026-01-21 之前的数据...
[2026-01-22 02:00:00]       [删除] shanxi_informatization_2026年01月12日.xlsx (早于 2026-01-21)
[2026-01-22 02:00:00]       [错误] 解析 shanxi_informatization_2026年01月12日.xlsx 失败: [WinError 2] 系统找不到指定的文件。: 'D:\\ai_project\\1\\dashboard\\..\\results\\shanxi_informatization_2026年01月12日.xlsx'
[2026-01-22 02:00:00]       [删除] shanxi_informatization_2026年01月13日.xlsx (早于 2026-01-21)
[2026-01-22 02:00:00]       [错误] 解析 shanxi_informatization_2026年01月13日.xlsx 失败: [WinError 2] 系统找不到指定的文件。: 'D:\\ai_project\\1\\dashboard\\..\\results\\shanxi_informatization_2026年01月13日.xlsx'
[2026-01-22 02:00:00]       [错误] 解析 shanxi_informatization_2026年01月13日.xlsx 失败: [WinError 2] 系统找不到指定的文件。: 'D:\\ai_project\\1\\dashboard\\..\\results\\shanxi_informatization_2026年01月13日.xlsx'
[2026-01-22 02:00:00]       [错误] 解析 shanxi_informatization_2026年01月14日.xlsx 失败: [WinError 2] 系统找不到指定的文件。: 'D:\\ai_project\\1\\dashboard\\..\\results\\shanxi_informatization_2026年01月14日.xlsx'
[2026-01-22 02:00:00]       [删除] shanxi_informatization_2026年01月15日.xlsx (早于 2026-01-21)
[2026-01-22 02:00:00]       [错误] 解析 shanxi_informatization_2026年01月14日.xlsx 失败: [WinError 2] 系统找不到指定的文件。: 'D:\\ai_project\\1\\dashboard\\..\\results\\shanxi_informatization_2026年01月14日.xlsx'
[2026-01-22 02:00:00]       [错误] 解析 shanxi_informatization_2026年01月15日.xlsx 失败: [WinError 2] 系统找不到指定的文件。: 'D:\\ai_project\\1\\dashboard\\..\\results\\shanxi_informatization_2026年01月15日.xlsx'
[2026-01-22 02:00:00]       [删除] shanxi_informatization_2026年01月16日.xlsx (早于 2026-01-21)
ror 2] 系统找不到指定的文件。: 'D:\\ai_project\\1\\dashboard\\..\\results\\shanxi_informatization_2026年01月16日.xlsx'
[2026-01-22 02:00:00]       [错误] 解析 shanxi_informatization_2026年01月15日.xlsx 失败: [WinError 2] 系统找不到指定的文件。: 'D:\\ai_project\\1\\dashboard\\..\\results\\shanxi_informatization_2026年01月15日.xlsx'
[2026-01-22 02:00:00]    [清理完成] 共删除了 3 个过期文件。
1月16日.xlsx 失败: [WinError 2] 系统找不到指定的文件。: 'D:\\ai_project\\1\\dashboard\\..\\results\\shanxi_informatization_2026年01月16日.xlsx'
[2026-01-22 02:00:00]    [清理完成] 共删除了 1 个过期文件。
[2026-01-22 02:00:00]       [错误] 解析 shanxi_informatization_2026年01月16日.xlsx 失败: [WinError 2] 系统找不到指定的文件。: 'D:\\ai_project\\1\\dashboard\\..\\results\\shanxi_informatization_2026年01月16日.xlsx'
[2026-01-22 02:00:00]    [清理完成] 共删除了 0 个过期文件。
[2026-01-22 02:01:41]    [报告] 后台采集任务完成。新增 2 个文件。
[2026-01-22 02:01:51]    [报告] 后台采集任务完成。新增 2 个文件。
[2026-01-22 09:35:06.306793] System Started
[2026-01-22 09:35:16.338403] System Started
[2026-01-22 09:35:31.925525] System Started
[2026-01-22 09:35:31.925625] System Started
[2026-01-22 09:36:21.640531] System Started
[2026-01-22 09:36:22.882927] System Started
[2026-01-22 09:46:11.628960] System Started
[2026-01-22 09:46:11.629451] System Started
[2026-01-22 09:50:09.436880] System Started
[2026-01-22 09:50:09.462871] System Started
[2026-01-22 09:52:05.707510] System Started
[2026-01-22 09:52:05.707939] System Started
[2026-01-22 09:52:05.708690] System Started
[2026-01-22 09:54:22.214671] System Started
[2026-01-22 09:54:23.059644] System Started
[2026-01-22 09:54:47.679152] System Started
[2026-01-22 09:54:47.866942] System Started
[2026-01-22 09:54:47.886511] System Started
[2026-01-22 09:55:01.267562] System Started
[2026-01-22 09:55:01.474535] System Started
[2026-01-22 09:55:01.504463] System Started
[2026-01-22 10:04:45.293077] System Started
[2026-01-22 10:04:45.293636] System Started
[2026-01-22 10:06:40.064323] System Started
[2026-01-22 10:06:40.064742] System Started
[2026-01-22 10:09:45.251066] System Started
[2026-01-22 10:09:45.251390] System Started
[2026-01-22 10:10:20.993545] System Started
[2026-01-22 10:10:20.993677] System Started
[2026-01-22 10:10:20.994707] System Started
[2026-01-22 10:21:50.247428] System Started
[2026-01-22 10:21:50.247806] System Started
[2026-01-22 10:22:15.968442] System Started
[2026-01-22 10:23:02.780034] System Started
[2026-01-22 10:23:02.780248] System Started
[2026-01-22 10:23:02.780996] System Started
[2026-01-22 10:41:54.159849] System Started
[2026-01-22 10:41:54.160506] System Started
[2026-01-22 10:41:54.982581] System Started
[2026-01-22 10:43:25.828803] System Started
[2026-01-22 10:43:26.998922] System Started
[2026-01-22 11:04:29.838372] System Started
[2026-01-22 11:08:17.212222] System Started
[2026-01-22 11:14:09.800821] System Started
[2026-01-22 11:26:12.628713] System Started
[2026-01-22 11:34:25.191958] System Started
[2026-01-22 11:37:29.671077] System Started
[2026-01-22 11:42:07.805388] System Started
[2026-01-22 12:37:45.705641] System Started
[2026-01-22 12:44:35.858781] System Started
[2026-01-22 12:44:37.266128] System Started
[2026-01-22 12:48:49.374820] System Started
[2026-01-22 12:49:05.983012] System Started
[2026-01-22 12:49:26.574569] System Started
[2026-01-22 12:51:01.740459] System Started
[2026-01-22 12:51:02.862574] System Started
[2026-01-22 12:53:04.920489] System Started
[2026-01-22 12:53:49.250856] System Started
[2026-01-22 12:53:50.448693] System Started
[2026-01-22 12:57:56.789087] System Started
[2026-01-22 12:58:43.164176] System Started
[2026-01-22 12:58:44.341840] System Started
[2026-01-22 13:01:42.739779] System Started
[2026-01-22 13:02:14.527997] System Started
[2026-01-22 13:02:15.664057] System Started
[2026-01-23 02:00:00] ⏰ 定时任务触发: 开始每日采集与清理...
[2026-01-23 02:00:00]    [跳过] 2026年01月23日 数据已存在。
[2026-01-23 02:00:00]    [跳过] 2026年01月23日 数据已存在。
[2026-01-23 02:00:00]    [计划] 2026年01月24日 加入采集队列。
[2026-01-23 02:00:00]    [计划] 2026年01月24日 加入采集队列。
[2026-01-23 02:00:00]    [计划] 2026年01月25日 加入采集队列。
[2026-01-23 02:00:00]    [计划] 2026年01月25日 加入采集队列。
[2026-01-23 02:00:00]    [启动] 已启动后台采集线程，目标: 2 天
[2026-01-23 02:00:00]    [启动] 已启动后台采集线程，目标: 2 天
[2026-01-23 02:00:00]    [清理] 正在清理 2026-01-22 之前的数据...
[2026-01-23 02:00:00]    [清理] 正在清理 2026-01-22 之前的数据...
[2026-01-23 02:00:00]    [清理完成] 共删除了 0 个过期文件。
[2026-01-23 02:00:00]    [清理完成] 共删除了 0 个过期文件。
[2026-01-23 02:02:00]    [报告] 后台采集任务完成。新增 1 个文件。
[2026-01-23 02:02:01]    [报告] 后台采集任务完成。新增 1 个文件。
[2026-01-23 09:17:15.848803] System Started
[2026-01-23 09:24:30.220608] System Started
[2026-01-23 09:24:51.469068] System Started
[2026-01-23 09:24:52.747377] System Started
